<?xml version="1.0" encoding="UTF-8"?>
<!-- Generated by org.testng.reporters.JUnitReportReporter -->
<testsuite hostname="LENOVO-PC" name="testCases.Login" tests="2" failures="0" timestamp="5 Jul 2017 05:40:52 GMT" time="7.007" errors="0">
  <testcase name="verifyLogin" time="3.611" classname="testCases.Login"/>
  <testcase name="loginToTheApplication" time="3.396" classname="testCases.Login"/>
</testsuite> <!-- testCases.Login -->
