<?xml version="1.0" encoding="UTF-8"?>
<!-- Generated by org.testng.reporters.JUnitReportReporter -->
<testsuite hostname="LENOVO-PC" name="utility.CaptureScreenShot" tests="1" failures="0" timestamp="28 Jun 2017 19:26:11 GMT" time="36.197" errors="0">
  <testcase name="takeScreenshot" time="36.197" classname="utility.CaptureScreenShot"/>
</testsuite> <!-- utility.CaptureScreenShot -->
